\BOOKMARK [1][-]{section.1}{Introduction}{}% 1
\BOOKMARK [2][-]{subsection.1.1}{Proposed Solution}{section.1}% 2
\BOOKMARK [2][-]{subsection.1.2}{Deployment Structure}{section.1}% 3
\BOOKMARK [2][-]{subsection.1.3}{Implementation Choices}{section.1}% 4
\BOOKMARK [1][-]{section.2}{CoAP Network}{}% 5
\BOOKMARK [2][-]{subsection.2.1}{Temperature Sensor}{section.2}% 6
\BOOKMARK [3][-]{subsubsection.2.1.1}{Resources}{subsection.2.1}% 7
\BOOKMARK [3][-]{subsubsection.2.1.2}{Data Generation}{subsection.2.1}% 8
\BOOKMARK [2][-]{subsection.2.2}{Soil Moisture Sensor}{section.2}% 9
\BOOKMARK [3][-]{subsubsection.2.2.1}{Resources}{subsection.2.2}% 10
\BOOKMARK [3][-]{subsubsection.2.2.2}{Data Generation}{subsection.2.2}% 11
\BOOKMARK [2][-]{subsection.2.3}{Rain Sensor}{section.2}% 12
\BOOKMARK [3][-]{subsubsection.2.3.1}{Resource}{subsection.2.3}% 13
\BOOKMARK [3][-]{subsubsection.2.3.2}{Data Generation}{subsection.2.3}% 14
\BOOKMARK [2][-]{subsection.2.4}{Tap Actuator}{section.2}% 15
\BOOKMARK [3][-]{subsubsection.2.4.1}{Resources}{subsection.2.4}% 16
\BOOKMARK [1][-]{section.3}{MQTT Network}{}% 17
\BOOKMARK [2][-]{subsection.3.1}{Devices}{section.3}% 18
\BOOKMARK [2][-]{subsection.3.2}{Aquifer Level Detector}{section.3}% 19
\BOOKMARK [3][-]{subsubsection.3.2.1}{Topics}{subsection.3.2}% 20
\BOOKMARK [3][-]{subsubsection.3.2.2}{Data Generation}{subsection.3.2}% 21
\BOOKMARK [2][-]{subsection.3.3}{Reservoir Level Detector and Actuator}{section.3}% 22
\BOOKMARK [3][-]{subsubsection.3.3.1}{Topics}{subsection.3.3}% 23
\BOOKMARK [3][-]{subsubsection.3.3.2}{Data Generation and Actuation Mechanism}{subsection.3.3}% 24
\BOOKMARK [1][-]{section.4}{Collector}{}% 25
\BOOKMARK [2][-]{subsection.4.1}{Command Line Interface}{section.4}% 26
\BOOKMARK [2][-]{subsection.4.2}{MQTT Side}{section.4}% 27
\BOOKMARK [2][-]{subsection.4.3}{CoAP Side}{section.4}% 28
\BOOKMARK [2][-]{subsection.4.4}{Database And Data Visualization}{section.4}% 29
\BOOKMARK [2][-]{subsection.4.5}{Automatic Irrigation System}{section.4}% 30
